<?xml version="1.0" encoding="UTF-8"?>
<!-- Generated by org.testng.reporters.JUnitReportReporter -->
<testsuite hostname="DESKTOP-2UVQJSF" failures="0" tests="1" name="autopro.scroollaction" time="25.260" errors="0" timestamp="2022-02-26T14:35:17 IST" skipped="0">
  <testcase classname="autopro.scroollaction" name="sact" time="25.260"/>
  <system-out/>
</testsuite> <!-- autopro.scroollaction -->
