<?xml version="1.0" encoding="UTF-8"?>
<!-- Generated by org.testng.reporters.JUnitReportReporter -->
<testsuite hostname="DESKTOP-2UVQJSF" failures="0" tests="1" name="autopro.lanuchBrowser" time="17.464" errors="0" timestamp="2022-02-17T12:42:57 IST" skipped="0">
  <testcase classname="autopro.lanuchBrowser" name="lanuchThebroser" time="17.464"/>
  <system-out/>
</testsuite> <!-- autopro.lanuchBrowser -->
