<?xml version="1.0" encoding="UTF-8"?>
<!-- Generated by org.testng.reporters.JUnitReportReporter -->
<testsuite hostname="DESKTOP-2UVQJSF" failures="0" tests="1" name="autopro.selecdropdown" time="19.260" errors="0" timestamp="2022-02-26T15:22:04 IST" skipped="0">
  <testcase classname="autopro.selecdropdown" name="dropdown" time="19.260"/>
  <system-out/>
</testsuite> <!-- autopro.selecdropdown -->
