<?xml version="1.0" encoding="UTF-8"?>
<!-- Generated by org.testng.reporters.JUnitReportReporter -->
<testsuite hostname="DESKTOP-2UVQJSF" failures="0" tests="1" name="autopro.actionclassexampe" time="14.219" errors="0" timestamp="2022-02-24T15:04:38 IST" skipped="0">
  <testcase classname="autopro.actionclassexampe" name="action" time="14.219"/>
  <system-out/>
</testsuite> <!-- autopro.actionclassexampe -->
