<?xml version="1.0" encoding="UTF-8"?>
<!-- Generated by org.testng.reporters.JUnitReportReporter -->
<testsuite hostname="DESKTOP-2UVQJSF" failures="0" tests="1" name="autopro.fileUpload" time="27.808" errors="0" timestamp="2022-02-28T15:26:57 IST" skipped="0">
  <testcase classname="autopro.fileUpload" name="FU" time="27.808"/>
  <system-out/>
</testsuite> <!-- autopro.fileUpload -->
