<?xml version="1.0" encoding="UTF-8"?>
<!-- Generated by org.testng.reporters.JUnitReportReporter -->
<testsuite hostname="DESKTOP-2UVQJSF" failures="0" tests="1" name="autopro.scrollByaxis" time="69.053" errors="0" timestamp="2022-02-26T14:14:30 IST" skipped="0">
  <testcase classname="autopro.scrollByaxis" name="sba" time="69.053"/>
  <system-out/>
</testsuite> <!-- autopro.scrollByaxis -->
