<?xml version="1.0" encoding="UTF-8"?>
<!-- Generated by org.testng.reporters.JUnitReportReporter -->
<testsuite hostname="DESKTOP-2UVQJSF" failures="0" tests="1" name="autopro.childWindow" time="24.646" errors="0" timestamp="2022-02-17T13:38:22 IST" skipped="0">
  <testcase classname="autopro.childWindow" name="childWindowBrowser" time="24.646"/>
  <system-out/>
</testsuite> <!-- autopro.childWindow -->
