<?xml version="1.0" encoding="UTF-8"?>
<!-- Generated by org.testng.reporters.JUnitReportReporter -->
<testsuite hostname="DESKTOP-2UVQJSF" failures="0" tests="1" name="autopro.dragdrop" time="20.732" errors="0" timestamp="2022-02-24T20:13:03 IST" skipped="0">
  <testcase classname="autopro.dragdrop" name="dd" time="20.732"/>
  <system-out/>
</testsuite> <!-- autopro.dragdrop -->
