<?xml version="1.0" encoding="UTF-8"?>
<!-- Generated by org.testng.reporters.JUnitReportReporter -->
<testsuite hostname="DESKTOP-2UVQJSF" failures="0" tests="1" name="autopro.writedatasheet" time="2.235" errors="0" timestamp="2022-03-09T12:46:42 IST" skipped="0">
  <testcase classname="autopro.writedatasheet" name="sheetdata" time="2.235"/>
  <system-out/>
</testsuite> <!-- autopro.writedatasheet -->
