<?xml version="1.0" encoding="UTF-8"?>
<!-- Generated by org.testng.reporters.JUnitReportReporter -->
<testsuite hostname="DESKTOP-2UVQJSF" failures="0" tests="1" name="autopro.readFromExcel" time="4.078" errors="0" timestamp="2022-03-09T11:41:52 IST" skipped="0">
  <testcase classname="autopro.readFromExcel" name="readdata" time="4.078"/>
  <system-out/>
</testsuite> <!-- autopro.readFromExcel -->
