<?xml version="1.0" encoding="UTF-8"?>
<!-- Generated by org.testng.reporters.JUnitReportReporter -->
<testsuite hostname="DESKTOP-2UVQJSF" failures="0" tests="2" name="autopro.DemoDataprovider" time="0.020" errors="0" timestamp="2022-03-07T12:21:30 IST" skipped="0">
  <testcase classname="autopro.DemoDataprovider" name="deriveData" time="0.017"/>
  <system-out/>
  <testcase classname="autopro.DemoDataprovider" name="deriveData" time="0.003"/>
  <system-out/>
</testsuite> <!-- autopro.DemoDataprovider -->
