<?xml version="1.0" encoding="UTF-8"?>
<!-- Generated by org.testng.reporters.JUnitReportReporter -->
<testsuite hostname="DESKTOP-2UVQJSF" failures="0" tests="1" name="autopro.addToCart" time="37.471" errors="0" timestamp="2022-02-17T17:41:04 IST" skipped="0">
  <testcase classname="autopro.addToCart" name="addtocart" time="37.471"/>
  <system-out/>
</testsuite> <!-- autopro.addToCart -->
