<?xml version="1.0" encoding="UTF-8"?>
<!-- Generated by org.testng.reporters.JUnitReportReporter -->
<testsuite hostname="DESKTOP-2UVQJSF" failures="0" tests="1" name="autopro.scrollByElement" time="20.721" errors="0" timestamp="2022-02-25T13:26:06 IST" skipped="0">
  <testcase classname="autopro.scrollByElement" name="sbe" time="20.721"/>
  <system-out/>
</testsuite> <!-- autopro.scrollByElement -->
