<?xml version="1.0" encoding="UTF-8"?>
<!-- Generated by org.testng.reporters.JUnitReportReporter -->
<testsuite hostname="DESKTOP-2UVQJSF" failures="0" tests="1" name="autopro.uploadAutoIt" time="25.939" errors="0" timestamp="2022-03-01T17:26:49 IST" skipped="0">
  <testcase classname="autopro.uploadAutoIt" name="fileUpload" time="25.939"/>
  <system-out/>
</testsuite> <!-- autopro.uploadAutoIt -->
