<?xml version="1.0" encoding="UTF-8"?>
<!-- Generated by org.testng.reporters.JUnitReportReporter -->
<testsuite hostname="DESKTOP-2UVQJSF" failures="0" tests="1" name="autopro.framesHandel" time="23.981" errors="0" timestamp="2022-03-03T14:52:33 IST" skipped="0">
  <testcase classname="autopro.framesHandel" name="fh" time="23.981"/>
  <system-out/>
</testsuite> <!-- autopro.framesHandel -->
