<?xml version="1.0" encoding="UTF-8"?>
<!-- Generated by org.testng.reporters.JUnitReportReporter -->
<testsuite hostname="DESKTOP-2UVQJSF" failures="0" tests="1" name="autopro.writedatatosheet" time="2.711" errors="0" timestamp="2022-03-09T12:37:39 IST" skipped="0">
  <testcase classname="autopro.writedatatosheet" name="writedata" time="2.711"/>
  <system-out/>
</testsuite> <!-- autopro.writedatatosheet -->
